<?xml version="1.0" encoding="UTF-8"?>
<testsuites name="jest tests" tests="4" failures="0" time="1.33">
  <testsuite name="src\greet\__tests__\greeter.js" errors="0" failures="0" skipped="0" timestamp="2019-12-04T21:27:56" time="1.017" tests="4">
    <testcase classname="Test for greeter" name="Greet with a name" time="0.002">
    </testcase>
    <testcase classname="Test for greeter" name="Greet with no name provided" time="0">
    </testcase>
    <testcase classname="Test for greeter" name="Greet with a mocked implementation" time="0.002">
    </testcase>
    <testcase classname="Test add operation" name="Add two values correctly" time="0">
    </testcase>
  </testsuite>
</testsuites>